<?xml version="1.0" encoding="UTF-8"?>
<!-- Generated by org.testng.reporters.JUnitReportReporter -->
<testsuite hostname="RAHUL-BARIK" failures="0" tests="1" name="TestScripts.RegisterTest" time="3.571" errors="0" timestamp="20 Oct 2024 09:10:30 GMT" skipped="0">
  <testcase classname="TestScripts.RegisterTest" name="register" time="3.571"/>
</testsuite> <!-- TestScripts.RegisterTest -->
