<?xml version="1.0" encoding="UTF-8"?>
<!-- Generated by org.testng.reporters.JUnitReportReporter -->
<testsuite hostname="RAHUL-BARIK" failures="0" tests="5" name="TestScripts.InvalidLogin" time="5.938" errors="0" timestamp="2024-10-20T16:58:59 IST" skipped="0">
  <testcase classname="TestScripts.InvalidLogin" name="ToInvalidLogin" time="0.721"/>
  <system-out/>
  <testcase classname="TestScripts.InvalidLogin" name="ToInvalidLogin" time="0.736"/>
  <system-out/>
  <testcase classname="TestScripts.InvalidLogin" name="ToInvalidLogin" time="0.726"/>
  <system-out/>
  <testcase classname="TestScripts.InvalidLogin" name="ToInvalidLogin" time="2.861"/>
  <system-out/>
  <testcase classname="TestScripts.InvalidLogin" name="ToInvalidLogin" time="0.894"/>
  <system-out/>
</testsuite> <!-- TestScripts.InvalidLogin -->
