<?xml version="1.0" encoding="UTF-8"?>
<!-- Generated by org.testng.reporters.JUnitReportReporter -->
<testsuite hostname="RAHUL-BARIK" failures="0" tests="1" name="TestScripts.ValidLoginTest" time="2.734" errors="0" timestamp="2024-10-20T16:41:52 IST" skipped="0">
  <testcase classname="TestScripts.ValidLoginTest" name="Login" time="2.734"/>
  <system-out/>
</testsuite> <!-- TestScripts.ValidLoginTest -->
