<?xml version="1.0" encoding="UTF-8"?>
<!-- Generated by org.testng.reporters.JUnitReportReporter -->
<testsuite hostname="RAHUL-BARIK" failures="0" tests="1" name="TestScripts.RegisterTest" time="3.831" errors="0" timestamp="2024-10-20T15:14:46 IST" skipped="0">
  <testcase classname="TestScripts.RegisterTest" name="register" time="3.831"/>
  <system-out/>
</testsuite> <!-- TestScripts.RegisterTest -->
